Arguments: 
  C:\Program Files\nodejs\node.exe C:\Users\mohai\AppData\Roaming\npm\node_modules\yarn\bin\yarn.js start

PATH: 
  C:\WINDOWS\system32;C:\WINDOWS;C:\WINDOWS\System32\Wbem;C:\WINDOWS\System32\WindowsPowerShell\v1.0\;C:\Program Files\Intel\WiFi\bin\;C:\Program Files\Common Files\Intel\WirelessCommon\;C:\Program Files\nodejs\;C:\Program Files\Git\cmd;C:\Users\mohai\AppData\Local\Microsoft\WindowsApps;C:\Users\mohai\AppData\Roaming\npm;

Yarn version: 
  1.5.1

Node version: 
  8.9.4

Platform: 
  win32 x64

npm manifest: 
  {
    "name": "root",
    "version": "1.0.0",
    "description": "",
    "main": "index.js",
    "scripts": {
      "test": "echo \"Error: no test specified\" && exit 1"
    },
    "author": "",
    "license": "ISC",
    "dependencies": {
      "bootstrap": "^3.3.7",
      "chart": "^0.1.2",
      "chartist": "^0.11.0",
      "echarts": "^4.0.4",
      "jquery": "^3.3.1",
      "vue": "^2.5.13",
      "vue-router": "^3.0.1"
    }
  }

yarn manifest: 
  No manifest

Lockfile: 
  # THIS IS AN AUTOGENERATED FILE. DO NOT EDIT THIS FILE DIRECTLY.
  # yarn lockfile v1
  
  
  bootstrap@^3.3.7:
    version "3.3.7"
    resolved "https://registry.yarnpkg.com/bootstrap/-/bootstrap-3.3.7.tgz#5a389394549f23330875a3b150656574f8a9eb71"
  
  chart@^0.1.2:
    version "0.1.2"
    resolved "https://registry.yarnpkg.com/chart/-/chart-0.1.2.tgz#69d9e916c26a8bed85b29df802c763ab5297d318"
    dependencies:
      hashish ""
      hat ""
      mrcolor "https://github.com/rook2pawn/mrcolor/archive/master.tar.gz"
  
  chartist@^0.11.0:
    version "0.11.0"
    resolved "https://registry.yarnpkg.com/chartist/-/chartist-0.11.0.tgz#84ba5e05490d096d93dcfa9343ebc31ef6a3bd28"
  
  color-convert@0.2.x:
    version "0.2.1"
    resolved "https://registry.yarnpkg.com/color-convert/-/color-convert-0.2.1.tgz#363cab23c94b31a0d64db71048b8c6a940f8c68c"
  
  echarts@^4.0.4:
    version "4.0.4"
    resolved "https://registry.yarnpkg.com/echarts/-/echarts-4.0.4.tgz#36aa8a47d33543d3dfe6a7bc1228ddc3a1e41157"
    dependencies:
      zrender "4.0.3"
  
  hashish@:
    version "0.0.4"
    resolved "https://registry.yarnpkg.com/hashish/-/hashish-0.0.4.tgz#6d60bc6ffaf711b6afd60e426d077988014e6554"
    dependencies:
      traverse ">=0.2.4"
  
  hat@:
    version "0.0.3"
    resolved "https://registry.yarnpkg.com/hat/-/hat-0.0.3.tgz#bb014a9e64b3788aed8005917413d4ff3d502d8a"
  
  jquery@^3.3.1:
    version "3.3.1"
    resolved "https://registry.yarnpkg.com/jquery/-/jquery-3.3.1.tgz#958ce29e81c9790f31be7792df5d4d95fc57fbca"
  
  "mrcolor@https://github.com/rook2pawn/mrcolor/archive/master.tar.gz":
    version "0.0.1"
    resolved "https://github.com/rook2pawn/mrcolor/archive/master.tar.gz#6d388590582524cfc79dd920c72c9696a8cb9862"
    dependencies:
      color-convert "0.2.x"
  
  traverse@>=0.2.4:
    version "0.6.6"
    resolved "https://registry.yarnpkg.com/traverse/-/traverse-0.6.6.tgz#cbdf560fd7b9af632502fed40f918c157ea97137"
  
  vue-router@^3.0.1:
    version "3.0.1"
    resolved "https://registry.yarnpkg.com/vue-router/-/vue-router-3.0.1.tgz#d9b05ad9c7420ba0f626d6500d693e60092cc1e9"
  
  vue@^2.5.13:
    version "2.5.13"
    resolved "https://registry.yarnpkg.com/vue/-/vue-2.5.13.tgz#95bd31e20efcf7a7f39239c9aa6787ce8cf578e1"
  
  zrender@4.0.3:
    version "4.0.3"
    resolved "https://registry.yarnpkg.com/zrender/-/zrender-4.0.3.tgz#801ef001101750a61857f84e64c4d5fb3c88cca7"

Trace: 
  Error: Command "start" not found.
      at new MessageError (C:\Users\mohai\AppData\Roaming\npm\node_modules\yarn\lib\cli.js:186:110)
      at C:\Users\mohai\AppData\Roaming\npm\node_modules\yarn\lib\cli.js:87307:17
      at Generator.next (<anonymous>)
      at step (C:\Users\mohai\AppData\Roaming\npm\node_modules\yarn\lib\cli.js:98:30)
      at C:\Users\mohai\AppData\Roaming\npm\node_modules\yarn\lib\cli.js:116:14
      at new Promise (<anonymous>)
      at new F (C:\Users\mohai\AppData\Roaming\npm\node_modules\yarn\lib\cli.js:23451:28)
      at C:\Users\mohai\AppData\Roaming\npm\node_modules\yarn\lib\cli.js:95:12
      at runCommand (C:\Users\mohai\AppData\Roaming\npm\node_modules\yarn\lib\cli.js:87312:22)
      at Object.<anonymous> (C:\Users\mohai\AppData\Roaming\npm\node_modules\yarn\lib\cli.js:87412:14)
